# JRE version: Java(TM) SE Runtime Environment (8.0_60-b27) (build 1.8.0_60-b27)
# Java VM: Java HotSpot(TM) 64-Bit Server VM (25.60-b23 mixed mode windows-amd64 compressed oops)
Heap:
 PSYoungGen      total 54784K, used 7022K [0x00000000d5d80000, 0x00000000dab00000, 0x0000000100000000)
  eden space 50688K, 5% used [0x00000000d5d80000,0x00000000d6070c18,0x00000000d8f00000)
  from space 4096K, 97% used [0x00000000da700000,0x00000000daaeafa0,0x00000000dab00000)
  to   space 9216K, 0% used [0x00000000d9900000,0x00000000d9900000,0x00000000da200000)
 ParOldGen       total 58368K, used 6769K [0x0000000081800000, 0x0000000085100000, 0x00000000d5d80000)
  object space 58368K, 11% used [0x0000000081800000,0x0000000081e9c660,0x0000000085100000)
 Metaspace       used 25181K, capacity 25490K, committed 25728K, reserved 1071104K
  class space    used 3083K, capacity 3183K, committed 3200K, reserved 1048576K
GC Heap History (10 events):
Event: 2.806 GC heap before
{Heap before GC invocations=3 (full 0):
 PSYoungGen      total 38400K, used 38368K [0x00000000d5d80000, 0x00000000d8800000, 0x0000000100000000)
  eden space 33280K, 100% used [0x00000000d5d80000,0x00000000d7e00000,0x00000000d7e00000)
  from space 5120K, 99% used [0x00000000d8300000,0x00000000d87f8088,0x00000000d8800000)
  to   space 5120K, 0% used [0x00000000d7e00000,0x00000000d7e00000,0x00000000d8300000)
 ParOldGen       total 87552K, used 1477K [0x0000000081800000, 0x0000000086d80000, 0x00000000d5d80000)
  object space 87552K, 1% used [0x0000000081800000,0x0000000081971570,0x0000000086d80000)
 Metaspace       used 16686K, capacity 16890K, committed 17152K, reserved 1064960K
  class space    used 2113K, capacity 2177K, committed 2304K, reserved 1048576K
Event: 2.816 GC heap after
Heap after GC invocations=3 (full 0):
 PSYoungGen      total 38400K, used 5114K [0x00000000d5d80000, 0x00000000d8800000, 0x0000000100000000)
  eden space 33280K, 0% used [0x00000000d5d80000,0x00000000d5d80000,0x00000000d7e00000)
  from space 5120K, 99% used [0x00000000d7e00000,0x00000000d82fe900,0x00000000d8300000)
  to   space 5120K, 0% used [0x00000000d8300000,0x00000000d8300000,0x00000000d8800000)
 ParOldGen       total 87552K, used 4508K [0x0000000081800000, 0x0000000086d80000, 0x00000000d5d80000)
  object space 87552K, 5% used [0x0000000081800000,0x0000000081c67350,0x0000000086d80000)
 Metaspace       used 16686K, capacity 16890K, committed 17152K, reserved 1064960K
  class space    used 2113K, capacity 2177K, committed 2304K, reserved 1048576K
}
Event: 3.480 GC heap before
{Heap before GC invocations=4 (full 0):
 PSYoungGen      total 38400K, used 38394K [0x00000000d5d80000, 0x00000000d8800000, 0x0000000100000000)
  eden space 33280K, 100% used [0x00000000d5d80000,0x00000000d7e00000,0x00000000d7e00000)
  from space 5120K, 99% used [0x00000000d7e00000,0x00000000d82fe900,0x00000000d8300000)
  to   space 5120K, 0% used [0x00000000d8300000,0x00000000d8300000,0x00000000d8800000)
 ParOldGen       total 87552K, used 4508K [0x0000000081800000, 0x0000000086d80000, 0x00000000d5d80000)
  object space 87552K, 5% used [0x0000000081800000,0x0000000081c67350,0x0000000086d80000)
 Metaspace       used 18549K, capacity 18758K, committed 19072K, reserved 1067008K
  class space    used 2329K, capacity 2371K, committed 2432K, reserved 1048576K
Event: 3.489 GC heap after
Heap after GC invocations=4 (full 0):
 PSYoungGen      total 38400K, used 5116K [0x00000000d5d80000, 0x00000000d8800000, 0x0000000100000000)
  eden space 33280K, 0% used [0x00000000d5d80000,0x00000000d5d80000,0x00000000d7e00000)
  from space 5120K, 99% used [0x00000000d8300000,0x00000000d87ff0a0,0x00000000d8800000)
  to   space 5120K, 0% used [0x00000000d7e00000,0x00000000d7e00000,0x00000000d8300000)
 ParOldGen       total 87552K, used 5620K [0x0000000081800000, 0x0000000086d80000, 0x00000000d5d80000)
  object space 87552K, 6% used [0x0000000081800000,0x0000000081d7d3d0,0x0000000086d80000)
 Metaspace       used 18549K, capacity 18758K, committed 19072K, reserved 1067008K
  class space    used 2329K, capacity 2371K, committed 2432K, reserved 1048576K
}
Event: 3.878 GC heap before
{Heap before GC invocations=5 (full 0):
 PSYoungGen      total 38400K, used 21478K [0x00000000d5d80000, 0x00000000d8800000, 0x0000000100000000)
  eden space 33280K, 49% used [0x00000000d5d80000,0x00000000d6d7a9a0,0x00000000d7e00000)
  from space 5120K, 99% used [0x00000000d8300000,0x00000000d87ff0a0,0x00000000d8800000)
  to   space 5120K, 0% used [0x00000000d7e00000,0x00000000d7e00000,0x00000000d8300000)
 ParOldGen       total 87552K, used 5620K [0x0000000081800000, 0x0000000086d80000, 0x00000000d5d80000)
  object space 87552K, 6% used [0x0000000081800000,0x0000000081d7d3d0,0x0000000086d80000)
 Metaspace       used 20881K, capacity 21102K, committed 21296K, reserved 1069056K
  class space    used 2605K, capacity 2659K, committed 2688K, reserved 1048576K
Event: 3.895 GC heap after
Heap after GC invocations=5 (full 0):
 PSYoungGen      total 38400K, used 5115K [0x00000000d5d80000, 0x00000000daf80000, 0x0000000100000000)
  eden space 33280K, 0% used [0x00000000d5d80000,0x00000000d5d80000,0x00000000d7e00000)
  from space 5120K, 99% used [0x00000000d7e00000,0x00000000d82fece0,0x00000000d8300000)
  to   space 8704K, 0% used [0x00000000da700000,0x00000000da700000,0x00000000daf80000)
 ParOldGen       total 87552K, used 6939K [0x0000000081800000, 0x0000000086d80000, 0x00000000d5d80000)
  object space 87552K, 7% used [0x0000000081800000,0x0000000081ec6ec0,0x0000000086d80000)
 Metaspace       used 20881K, capacity 21102K, committed 21296K, reserved 1069056K
  class space    used 2605K, capacity 2659K, committed 2688K, reserved 1048576K
}
Event: 3.895 GC heap before
{Heap before GC invocations=6 (full 1):
 PSYoungGen      total 38400K, used 5115K [0x00000000d5d80000, 0x00000000daf80000, 0x0000000100000000)
  eden space 33280K, 0% used [0x00000000d5d80000,0x00000000d5d80000,0x00000000d7e00000)
  from space 5120K, 99% used [0x00000000d7e00000,0x00000000d82fece0,0x00000000d8300000)
  to   space 8704K, 0% used [0x00000000da700000,0x00000000da700000,0x00000000daf80000)
 ParOldGen       total 87552K, used 6939K [0x0000000081800000, 0x0000000086d80000, 0x00000000d5d80000)
  object space 87552K, 7% used [0x0000000081800000,0x0000000081ec6ec0,0x0000000086d80000)
 Metaspace       used 20881K, capacity 21102K, committed 21296K, reserved 1069056K
  class space    used 2605K, capacity 2659K, committed 2688K, reserved 1048576K
Event: 3.952 GC heap after
Heap after GC invocations=6 (full 1):
 PSYoungGen      total 38400K, used 0K [0x00000000d5d80000, 0x00000000daf80000, 0x0000000100000000)
  eden space 33280K, 0% used [0x00000000d5d80000,0x00000000d5d80000,0x00000000d7e00000)
  from space 5120K, 0% used [0x00000000d7e00000,0x00000000d7e00000,0x00000000d8300000)
  to   space 8704K, 0% used [0x00000000da700000,0x00000000da700000,0x00000000daf80000)
 ParOldGen       total 58368K, used 6769K [0x0000000081800000, 0x0000000085100000, 0x00000000d5d80000)
  object space 58368K, 11% used [0x0000000081800000,0x0000000081e9c660,0x0000000085100000)
 Metaspace       used 20881K, capacity 21102K, committed 21296K, reserved 1069056K
  class space    used 2605K, capacity 2659K, committed 2688K, reserved 1048576K
}
Event: 4.655 GC heap before
{Heap before GC invocations=7 (full 1):
 PSYoungGen      total 38400K, used 33280K [0x00000000d5d80000, 0x00000000daf80000, 0x0000000100000000)
  eden space 33280K, 100% used [0x00000000d5d80000,0x00000000d7e00000,0x00000000d7e00000)
  from space 5120K, 0% used [0x00000000d7e00000,0x00000000d7e00000,0x00000000d8300000)
  to   space 8704K, 0% used [0x00000000da700000,0x00000000da700000,0x00000000daf80000)
 ParOldGen       total 58368K, used 6769K [0x0000000081800000, 0x0000000085100000, 0x00000000d5d80000)
  object space 58368K, 11% used [0x0000000081800000,0x0000000081e9c660,0x0000000085100000)
 Metaspace       used 24486K, capacity 24754K, committed 25216K, reserved 1071104K
  class space    used 3006K, capacity 3087K, committed 3200K, reserved 1048576K
Event: 4.664 GC heap after
Heap after GC invocations=7 (full 1):
 PSYoungGen      total 54784K, used 4011K [0x00000000d5d80000, 0x00000000dab00000, 0x0000000100000000)
  eden space 50688K, 0% used [0x00000000d5d80000,0x00000000d5d80000,0x00000000d8f00000)
  from space 4096K, 97% used [0x00000000da700000,0x00000000daaeafa0,0x00000000dab00000)
  to   space 9216K, 0% used [0x00000000d9900000,0x00000000d9900000,0x00000000da200000)
 ParOldGen       total 58368K, used 6769K [0x0000000081800000, 0x0000000085100000, 0x00000000d5d80000)
  object space 58368K, 11% used [0x0000000081800000,0x0000000081e9c660,0x0000000085100000)
 Metaspace       used 24486K, capacity 24754K, committed 25216K, reserved 1071104K
  class space    used 3006K, capacity 3087K, committed 3200K, reserved 1048576K
}

