# JRE version: Java(TM) SE Runtime Environment (7.0_79-b15) (build 1.7.0_79-b15)
# Java VM: Java HotSpot(TM) 64-Bit Server VM (24.79-b02 mixed mode bsd-amd64 compressed oops)
Heap
 PSYoungGen      total 284160K, used 169143K [0x00000007d5500000, 0x00000007e8900000, 0x0000000800000000)
  eden space 262144K, 64% used [0x00000007d5500000,0x00000007dfa2de18,0x00000007e5500000)
  from space 22016K, 0% used [0x00000007e5500000,0x00000007e5500000,0x00000007e6a80000)
  to   space 24576K, 0% used [0x00000007e7100000,0x00000007e7100000,0x00000007e8900000)
 ParOldGen       total 87040K, used 28417K [0x0000000780000000, 0x0000000785500000, 0x00000007d5500000)
  object space 87040K, 32% used [0x0000000780000000,0x0000000781bc0428,0x0000000785500000)
 PSPermGen       total 83968K, used 56482K [0x000000077ae00000, 0x0000000780000000, 0x0000000780000000)
  object space 83968K, 67% used [0x000000077ae00000,0x000000077e528800,0x0000000780000000)
GC Heap History (10 events):
Event: 4.941 GC heap before
{Heap before GC invocations=6 (full 0):
 PSYoungGen      total 72704K, used 72682K [0x00000007d5500000, 0x00000007def00000, 0x0000000800000000)
  eden space 67584K, 100% used [0x00000007d5500000,0x00000007d9700000,0x00000007d9700000)
  from space 5120K, 99% used [0x00000007d9700000,0x00000007d9bfaad0,0x00000007d9c00000)
  to   space 11264K, 0% used [0x00000007de400000,0x00000007de400000,0x00000007def00000)
 ParOldGen       total 87040K, used 11517K [0x0000000780000000, 0x0000000785500000, 0x00000007d5500000)
  object space 87040K, 13% used [0x0000000780000000,0x0000000780b3f5e8,0x0000000785500000)
 PSPermGen       total 33280K, used 32864K [0x000000077ae00000, 0x000000077ce80000, 0x0000000780000000)
  object space 33280K, 98% used [0x000000077ae00000,0x000000077ce18178,0x000000077ce80000)
Event: 4.958 GC heap after
Heap after GC invocations=6 (full 0):
 PSYoungGen      total 144384K, used 11245K [0x00000007d5500000, 0x00000007df300000, 0x0000000800000000)
  eden space 133120K, 0% used [0x00000007d5500000,0x00000007d5500000,0x00000007dd700000)
  from space 11264K, 99% used [0x00000007de400000,0x00000007deefb5d8,0x00000007def00000)
  to   space 13312K, 0% used [0x00000007dd700000,0x00000007dd700000,0x00000007de400000)
 ParOldGen       total 87040K, used 11753K [0x0000000780000000, 0x0000000785500000, 0x00000007d5500000)
  object space 87040K, 13% used [0x0000000780000000,0x0000000780b7a6f0,0x0000000785500000)
 PSPermGen       total 33280K, used 32864K [0x000000077ae00000, 0x000000077ce80000, 0x0000000780000000)
  object space 33280K, 98% used [0x000000077ae00000,0x000000077ce18178,0x000000077ce80000)
}
Event: 6.058 GC heap before
{Heap before GC invocations=7 (full 0):
 PSYoungGen      total 144384K, used 144365K [0x00000007d5500000, 0x00000007df300000, 0x0000000800000000)
  eden space 133120K, 100% used [0x00000007d5500000,0x00000007dd700000,0x00000007dd700000)
  from space 11264K, 99% used [0x00000007de400000,0x00000007deefb5d8,0x00000007def00000)
  to   space 13312K, 0% used [0x00000007dd700000,0x00000007dd700000,0x00000007de400000)
 ParOldGen       total 87040K, used 11753K [0x0000000780000000, 0x0000000785500000, 0x00000007d5500000)
  object space 87040K, 13% used [0x0000000780000000,0x0000000780b7a6f0,0x0000000785500000)
 PSPermGen       total 39936K, used 39766K [0x000000077ae00000, 0x000000077d500000, 0x0000000780000000)
  object space 39936K, 99% used [0x000000077ae00000,0x000000077d4d5870,0x000000077d500000)
Event: 6.082 GC heap after
Heap after GC invocations=7 (full 0):
 PSYoungGen      total 146432K, used 13298K [0x00000007d5500000, 0x00000007e7c00000, 0x0000000800000000)
  eden space 133120K, 0% used [0x00000007d5500000,0x00000007d5500000,0x00000007dd700000)
  from space 13312K, 99% used [0x00000007dd700000,0x00000007de3fc998,0x00000007de400000)
  to   space 17920K, 0% used [0x00000007e6a80000,0x00000007e6a80000,0x00000007e7c00000)
 ParOldGen       total 87040K, used 17080K [0x0000000780000000, 0x0000000785500000, 0x00000007d5500000)
  object space 87040K, 19% used [0x0000000780000000,0x00000007810ae3f8,0x0000000785500000)
 PSPermGen       total 39936K, used 39766K [0x000000077ae00000, 0x000000077d500000, 0x0000000780000000)
  object space 39936K, 99% used [0x000000077ae00000,0x000000077d4d5870,0x000000077d500000)
}
Event: 7.596 GC heap before
{Heap before GC invocations=8 (full 0):
 PSYoungGen      total 146432K, used 146418K [0x00000007d5500000, 0x00000007e7c00000, 0x0000000800000000)
  eden space 133120K, 100% used [0x00000007d5500000,0x00000007dd700000,0x00000007dd700000)
  from space 13312K, 99% used [0x00000007dd700000,0x00000007de3fc998,0x00000007de400000)
  to   space 17920K, 0% used [0x00000007e6a80000,0x00000007e6a80000,0x00000007e7c00000)
 ParOldGen       total 87040K, used 17080K [0x0000000780000000, 0x0000000785500000, 0x00000007d5500000)
  object space 87040K, 19% used [0x0000000780000000,0x00000007810ae3f8,0x0000000785500000)
 PSPermGen       total 46080K, used 45767K [0x000000077ae00000, 0x000000077db00000, 0x0000000780000000)
  object space 46080K, 99% used [0x000000077ae00000,0x000000077dab1c38,0x000000077db00000)
Event: 7.624 GC heap after
Heap after GC invocations=8 (full 0):
 PSYoungGen      total 280064K, used 17913K [0x00000007d5500000, 0x00000007e8400000, 0x0000000800000000)
  eden space 262144K, 0% used [0x00000007d5500000,0x00000007d5500000,0x00000007e5500000)
  from space 17920K, 99% used [0x00000007e6a80000,0x00000007e7bfe630,0x00000007e7c00000)
  to   space 22016K, 0% used [0x00000007e5500000,0x00000007e5500000,0x00000007e6a80000)
 ParOldGen       total 87040K, used 20678K [0x0000000780000000, 0x0000000785500000, 0x00000007d5500000)
  object space 87040K, 23% used [0x0000000780000000,0x00000007814318e8,0x0000000785500000)
 PSPermGen       total 46080K, used 45767K [0x000000077ae00000, 0x000000077db00000, 0x0000000780000000)
  object space 46080K, 99% used [0x000000077ae00000,0x000000077dab1c38,0x000000077db00000)
}
Event: 8.897 GC heap before
{Heap before GC invocations=9 (full 0):
 PSYoungGen      total 280064K, used 134083K [0x00000007d5500000, 0x00000007e8400000, 0x0000000800000000)
  eden space 262144K, 44% used [0x00000007d5500000,0x00000007dc672958,0x00000007e5500000)
  from space 17920K, 99% used [0x00000007e6a80000,0x00000007e7bfe630,0x00000007e7c00000)
  to   space 22016K, 0% used [0x00000007e5500000,0x00000007e5500000,0x00000007e6a80000)
 ParOldGen       total 87040K, used 20678K [0x0000000780000000, 0x0000000785500000, 0x00000007d5500000)
  object space 87040K, 23% used [0x0000000780000000,0x00000007814318e8,0x0000000785500000)
 PSPermGen       total 49664K, used 49298K [0x000000077ae00000, 0x000000077de80000, 0x0000000780000000)
  object space 49664K, 99% used [0x000000077ae00000,0x000000077de24a90,0x000000077de80000)
Event: 8.930 GC heap after
Heap after GC invocations=9 (full 0):
 PSYoungGen      total 284160K, used 19511K [0x00000007d5500000, 0x00000007e8900000, 0x0000000800000000)
  eden space 262144K, 0% used [0x00000007d5500000,0x00000007d5500000,0x00000007e5500000)
  from space 22016K, 88% used [0x00000007e5500000,0x00000007e680dec8,0x00000007e6a80000)
  to   space 24576K, 0% used [0x00000007e7100000,0x00000007e7100000,0x00000007e8900000)
 ParOldGen       total 87040K, used 25071K [0x0000000780000000, 0x0000000785500000, 0x00000007d5500000)
  object space 87040K, 28% used [0x0000000780000000,0x000000078187bfb8,0x0000000785500000)
 PSPermGen       total 49664K, used 49298K [0x000000077ae00000, 0x000000077de80000, 0x0000000780000000)
  object space 49664K, 99% used [0x000000077ae00000,0x000000077de24a90,0x000000077de80000)
}
Event: 8.930 GC heap before
{Heap before GC invocations=10 (full 1):
 PSYoungGen      total 284160K, used 19511K [0x00000007d5500000, 0x00000007e8900000, 0x0000000800000000)
  eden space 262144K, 0% used [0x00000007d5500000,0x00000007d5500000,0x00000007e5500000)
  from space 22016K, 88% used [0x00000007e5500000,0x00000007e680dec8,0x00000007e6a80000)
  to   space 24576K, 0% used [0x00000007e7100000,0x00000007e7100000,0x00000007e8900000)
 ParOldGen       total 87040K, used 25071K [0x0000000780000000, 0x0000000785500000, 0x00000007d5500000)
  object space 87040K, 28% used [0x0000000780000000,0x000000078187bfb8,0x0000000785500000)
 PSPermGen       total 49664K, used 49298K [0x000000077ae00000, 0x000000077de80000, 0x0000000780000000)
  object space 49664K, 99% used [0x000000077ae00000,0x000000077de24a90,0x000000077de80000)
Event: 9.203 GC heap after
Heap after GC invocations=10 (full 1):
 PSYoungGen      total 284160K, used 0K [0x00000007d5500000, 0x00000007e8900000, 0x0000000800000000)
  eden space 262144K, 0% used [0x00000007d5500000,0x00000007d5500000,0x00000007e5500000)
  from space 22016K, 0% used [0x00000007e5500000,0x00000007e5500000,0x00000007e6a80000)
  to   space 24576K, 0% used [0x00000007e7100000,0x00000007e7100000,0x00000007e8900000)
 ParOldGen       total 87040K, used 28417K [0x0000000780000000, 0x0000000785500000, 0x00000007d5500000)
  object space 87040K, 32% used [0x0000000780000000,0x0000000781bc0428,0x0000000785500000)
 PSPermGen       total 83968K, used 49275K [0x000000077ae00000, 0x0000000780000000, 0x0000000780000000)
  object space 83968K, 58% used [0x000000077ae00000,0x000000077de1ef70,0x0000000780000000)
}

